# Push Log for judgementprint-factures-of-evil
# Generated by gitfield-sync

[2025-07-01T23:25:53Z] Local: , Branch=master, Commit=5abd234
  Diff Summary:
     docs/integrity.sha256.sig.4E27D37C358872BF | 0
     1 file changed, 0 insertions(+), 0 deletions(-)
[2025-07-01T23:35:21Z] Radicle: RID=rad:z3FEj7rF8gZw9eFksCuiN43qjzrex, Peer ID=z6Mkw5s3ppo26C7y7tGK5MD8n2GqTHS582PPpeX5Xqbu2Mpz, Branch=master, Commit=5abd234
  CLI: rad inspect rad:z3FEj7rF8gZw9eFksCuiN43qjzrex # View project details
  CLI: git ls-tree -r --name-only HEAD # View file structure
  Diff Summary:
     .gitfield/radicle.sigil.md | 67 ++++++++++++++++++++++++++++++++++++++++++++++
     1 file changed, 67 insertions(+)
[2025-07-01T23:35:50Z] Forgejo: https://remember.thefoldwithin.earth/mrhavens/judgementprint-factures-of-evil, Branch=master, Commit=5abd234
  Diff Summary:
     .gitfield/remember.sigil.md | 59 +++++++++++++++++++++++++++++++++++++++++++++
     1 file changed, 59 insertions(+)
[2025-07-01T23:36:21Z] Codeberg: https://codeberg.org/mrhavens/judgementprint-factures-of-evil, Branch=master, Commit=5abd234
  Diff Summary:
     .gitfield/codeberg.sigil.md | 59 +++++++++++++++++++++++++++++++++++++++++++++
     1 file changed, 59 insertions(+)
[2025-07-01T23:36:52Z] GitLab: https://gitlab.com/mrhavens/judgementprint-factures-of-evil, Branch=master, Commit=5abd234
  Diff Summary:
     .gitfield/gitlab.sigil.md | 59 +++++++++++++++++++++++++++++++++++++++++++++++
     1 file changed, 59 insertions(+)
[2025-07-01T23:37:24Z] Bitbucket: https://bitbucket.org/thefoldwithin/judgementprint-factures-of-evil, Branch=master, Commit=5abd234
  Diff Summary:
     .gitfield/bitbucket.sigil.md | 59 ++++++++++++++++++++++++++++++++++++++++++++
     1 file changed, 59 insertions(+)
[2025-07-01T23:38:41Z] GitHub: https://github.com/mrhavens/judgementprint-factures-of-evil, Branch=master, Commit=5abd234
  Diff Summary:
     .gitfield/github.sigil.md | 59 +++++++++++++++++++++++++++++++++++++++++++++++
     1 file changed, 59 insertions(+)
[2025-07-01T23:42:08Z] Local: , Branch=master, Commit=5abd234
  Diff Summary:
     .gitfield/local.sigil.md | 59 ++++++++++++++++++++++++++++++++++++++++++++++++
     1 file changed, 59 insertions(+)
[2025-07-01T23:42:31Z] Radicle: RID=rad:z3FEj7rF8gZw9eFksCuiN43qjzrex, Peer ID=z6Mkw5s3ppo26C7y7tGK5MD8n2GqTHS582PPpeX5Xqbu2Mpz, Branch=master, Commit=5abd234
  CLI: rad inspect rad:z3FEj7rF8gZw9eFksCuiN43qjzrex # View project details
  CLI: git ls-tree -r --name-only HEAD # View file structure
  Diff Summary:
     .gitfield/radicle.sigil.md | 20 ++++++++++----------
     1 file changed, 10 insertions(+), 10 deletions(-)
[2025-07-01T23:42:53Z] Forgejo: https://remember.thefoldwithin.earth/mrhavens/judgementprint-factures-of-evil, Branch=master, Commit=5abd234
  Diff Summary:
     .gitfield/remember.sigil.md | 16 ++++++++--------
     1 file changed, 8 insertions(+), 8 deletions(-)
[2025-07-01T23:43:18Z] Codeberg: https://codeberg.org/mrhavens/judgementprint-factures-of-evil, Branch=master, Commit=5abd234
  Diff Summary:
     .gitfield/codeberg.sigil.md | 16 ++++++++--------
     1 file changed, 8 insertions(+), 8 deletions(-)
